CRITICAL - 2024-05-09 15:11:05 --> ErrorException: Undefined variable $loggin_in
[Method: GET, Route: ajoutcompteur]
in APPPATH\Views\ajoutcompteur.php on line 7.
 1 APPPATH\Views\ajoutcompteur.php(7): CodeIgniter\Debug\Exceptions->errorHandler(2, 'Undefined variable $loggin_in', 'C:\\xampp\\htdocs\\studeffi\\app\\Views\\ajoutcompteur.php', 7)
 2 SYSTEMPATH\View\View.php(234): include('C:\\xampp\\htdocs\\studeffi\\app\\Views\\ajoutcompteur.php')
 3 SYSTEMPATH\View\View.php(237): CodeIgniter\View\View->CodeIgniter\View\{closure}()
 4 SYSTEMPATH\Common.php(1171): CodeIgniter\View\View->render('ajoutcompteur', [], true)
 5 APPPATH\Controllers\AjoutCompteur.php(14): view('ajoutcompteur')
 6 SYSTEMPATH\CodeIgniter.php(933): App\Controllers\AjoutCompteur->index()
 7 SYSTEMPATH\CodeIgniter.php(509): CodeIgniter\CodeIgniter->runController(Object(App\Controllers\AjoutCompteur))
 8 SYSTEMPATH\CodeIgniter.php(355): CodeIgniter\CodeIgniter->handleRequest(null, Object(Config\Cache), false)
 9 SYSTEMPATH\Boot.php(312): CodeIgniter\CodeIgniter->run()
10 SYSTEMPATH\Boot.php(67): CodeIgniter\Boot::runCodeIgniter(Object(CodeIgniter\CodeIgniter))
11 FCPATH\index.php(56): CodeIgniter\Boot::bootWeb(Object(Config\Paths))
CRITICAL - 2024-05-09 15:11:07 --> ErrorException: Undefined variable $loggin_in
[Method: GET, Route: ajoutcompteur]
in APPPATH\Views\ajoutcompteur.php on line 7.
 1 APPPATH\Views\ajoutcompteur.php(7): CodeIgniter\Debug\Exceptions->errorHandler(2, 'Undefined variable $loggin_in', 'C:\\xampp\\htdocs\\studeffi\\app\\Views\\ajoutcompteur.php', 7)
 2 SYSTEMPATH\View\View.php(234): include('C:\\xampp\\htdocs\\studeffi\\app\\Views\\ajoutcompteur.php')
 3 SYSTEMPATH\View\View.php(237): CodeIgniter\View\View->CodeIgniter\View\{closure}()
 4 SYSTEMPATH\Common.php(1171): CodeIgniter\View\View->render('ajoutcompteur', [], true)
 5 APPPATH\Controllers\AjoutCompteur.php(14): view('ajoutcompteur')
 6 SYSTEMPATH\CodeIgniter.php(933): App\Controllers\AjoutCompteur->index()
 7 SYSTEMPATH\CodeIgniter.php(509): CodeIgniter\CodeIgniter->runController(Object(App\Controllers\AjoutCompteur))
 8 SYSTEMPATH\CodeIgniter.php(355): CodeIgniter\CodeIgniter->handleRequest(null, Object(Config\Cache), false)
 9 SYSTEMPATH\Boot.php(312): CodeIgniter\CodeIgniter->run()
10 SYSTEMPATH\Boot.php(67): CodeIgniter\Boot::runCodeIgniter(Object(CodeIgniter\CodeIgniter))
11 FCPATH\index.php(56): CodeIgniter\Boot::bootWeb(Object(Config\Paths))
CRITICAL - 2024-05-09 15:18:39 --> ErrorException: Undefined variable $loggin_in
[Method: GET, Route: ajoutcompteur]
in APPPATH\Views\ajoutcompteur.php on line 7.
 1 APPPATH\Views\ajoutcompteur.php(7): CodeIgniter\Debug\Exceptions->errorHandler(2, 'Undefined variable $loggin_in', 'C:\\xampp\\htdocs\\studeffi\\app\\Views\\ajoutcompteur.php', 7)
 2 SYSTEMPATH\View\View.php(234): include('C:\\xampp\\htdocs\\studeffi\\app\\Views\\ajoutcompteur.php')
 3 SYSTEMPATH\View\View.php(237): CodeIgniter\View\View->CodeIgniter\View\{closure}()
 4 SYSTEMPATH\Common.php(1171): CodeIgniter\View\View->render('ajoutcompteur', [], true)
 5 APPPATH\Controllers\AjoutCompteur.php(14): view('ajoutcompteur')
 6 SYSTEMPATH\CodeIgniter.php(933): App\Controllers\AjoutCompteur->index()
 7 SYSTEMPATH\CodeIgniter.php(509): CodeIgniter\CodeIgniter->runController(Object(App\Controllers\AjoutCompteur))
 8 SYSTEMPATH\CodeIgniter.php(355): CodeIgniter\CodeIgniter->handleRequest(null, Object(Config\Cache), false)
 9 SYSTEMPATH\Boot.php(312): CodeIgniter\CodeIgniter->run()
10 SYSTEMPATH\Boot.php(67): CodeIgniter\Boot::runCodeIgniter(Object(CodeIgniter\CodeIgniter))
11 FCPATH\index.php(56): CodeIgniter\Boot::bootWeb(Object(Config\Paths))
CRITICAL - 2024-05-09 15:21:51 --> ErrorException: Undefined variable $session
[Method: GET, Route: ajoutcompteur]
in APPPATH\Views\ajoutcompteur.php on line 7.
 1 APPPATH\Views\ajoutcompteur.php(7): CodeIgniter\Debug\Exceptions->errorHandler(2, 'Undefined variable $session', 'C:\\xampp\\htdocs\\studeffi\\app\\Views\\ajoutcompteur.php', 7)
 2 SYSTEMPATH\View\View.php(234): include('C:\\xampp\\htdocs\\studeffi\\app\\Views\\ajoutcompteur.php')
 3 SYSTEMPATH\View\View.php(237): CodeIgniter\View\View->CodeIgniter\View\{closure}()
 4 SYSTEMPATH\Common.php(1171): CodeIgniter\View\View->render('ajoutcompteur', [], true)
 5 APPPATH\Controllers\AjoutCompteur.php(14): view('ajoutcompteur')
 6 SYSTEMPATH\CodeIgniter.php(933): App\Controllers\AjoutCompteur->index()
 7 SYSTEMPATH\CodeIgniter.php(509): CodeIgniter\CodeIgniter->runController(Object(App\Controllers\AjoutCompteur))
 8 SYSTEMPATH\CodeIgniter.php(355): CodeIgniter\CodeIgniter->handleRequest(null, Object(Config\Cache), false)
 9 SYSTEMPATH\Boot.php(312): CodeIgniter\CodeIgniter->run()
10 SYSTEMPATH\Boot.php(67): CodeIgniter\Boot::runCodeIgniter(Object(CodeIgniter\CodeIgniter))
11 FCPATH\index.php(56): CodeIgniter\Boot::bootWeb(Object(Config\Paths))
CRITICAL - 2024-05-09 15:30:10 --> Error: Call to undefined function get_cookie()
[Method: GET, Route: dashboard]
in APPPATH\Views\header.php on line 117.
 1 SYSTEMPATH\View\View.php(234): include()
 2 SYSTEMPATH\View\View.php(237): CodeIgniter\View\View->CodeIgniter\View\{closure}()
 3 SYSTEMPATH\Common.php(1171): CodeIgniter\View\View->render('header', [], true)
 4 APPPATH\Controllers\Dashboard.php(22): view('header', [...])
 5 SYSTEMPATH\CodeIgniter.php(933): App\Controllers\Dashboard->index()
 6 SYSTEMPATH\CodeIgniter.php(509): CodeIgniter\CodeIgniter->runController(Object(App\Controllers\Dashboard))
 7 SYSTEMPATH\CodeIgniter.php(355): CodeIgniter\CodeIgniter->handleRequest(null, Object(Config\Cache), false)
 8 SYSTEMPATH\Boot.php(312): CodeIgniter\CodeIgniter->run()
 9 SYSTEMPATH\Boot.php(67): CodeIgniter\Boot::runCodeIgniter(Object(CodeIgniter\CodeIgniter))
10 FCPATH\index.php(56): CodeIgniter\Boot::bootWeb(Object(Config\Paths))
CRITICAL - 2024-05-09 15:30:11 --> Error: Call to undefined function get_cookie()
[Method: GET, Route: dashboard]
in APPPATH\Views\header.php on line 117.
 1 SYSTEMPATH\View\View.php(234): include()
 2 SYSTEMPATH\View\View.php(237): CodeIgniter\View\View->CodeIgniter\View\{closure}()
 3 SYSTEMPATH\Common.php(1171): CodeIgniter\View\View->render('header', [], true)
 4 APPPATH\Controllers\Dashboard.php(22): view('header', [...])
 5 SYSTEMPATH\CodeIgniter.php(933): App\Controllers\Dashboard->index()
 6 SYSTEMPATH\CodeIgniter.php(509): CodeIgniter\CodeIgniter->runController(Object(App\Controllers\Dashboard))
 7 SYSTEMPATH\CodeIgniter.php(355): CodeIgniter\CodeIgniter->handleRequest(null, Object(Config\Cache), false)
 8 SYSTEMPATH\Boot.php(312): CodeIgniter\CodeIgniter->run()
 9 SYSTEMPATH\Boot.php(67): CodeIgniter\Boot::runCodeIgniter(Object(CodeIgniter\CodeIgniter))
10 FCPATH\index.php(56): CodeIgniter\Boot::bootWeb(Object(Config\Paths))
CRITICAL - 2024-05-09 15:30:22 --> Error: Call to undefined function get_cookie()
[Method: GET, Route: login]
in APPPATH\Views\header.php on line 117.
 1 SYSTEMPATH\View\View.php(234): include()
 2 SYSTEMPATH\View\View.php(237): CodeIgniter\View\View->CodeIgniter\View\{closure}()
 3 SYSTEMPATH\Common.php(1171): CodeIgniter\View\View->render('header', [], true)
 4 APPPATH\Views\login.php(8): view('header')
 5 SYSTEMPATH\View\View.php(234): include('C:\\xampp\\htdocs\\studeffi\\app\\Views\\login.php')
 6 SYSTEMPATH\View\View.php(237): CodeIgniter\View\View->CodeIgniter\View\{closure}()
 7 SYSTEMPATH\Common.php(1171): CodeIgniter\View\View->render('login', [], true)
 8 APPPATH\Controllers\Login.php(15): view('login')
 9 SYSTEMPATH\CodeIgniter.php(933): App\Controllers\Login->index()
10 SYSTEMPATH\CodeIgniter.php(509): CodeIgniter\CodeIgniter->runController(Object(App\Controllers\Login))
11 SYSTEMPATH\CodeIgniter.php(355): CodeIgniter\CodeIgniter->handleRequest(null, Object(Config\Cache), false)
12 SYSTEMPATH\Boot.php(312): CodeIgniter\CodeIgniter->run()
13 SYSTEMPATH\Boot.php(67): CodeIgniter\Boot::runCodeIgniter(Object(CodeIgniter\CodeIgniter))
14 FCPATH\index.php(56): CodeIgniter\Boot::bootWeb(Object(Config\Paths))
CRITICAL - 2024-05-09 15:31:30 --> ErrorException: Undefined variable $session
[Method: GET, Route: ajoutcompteur]
in APPPATH\Views\ajoutcompteur.php on line 7.
 1 APPPATH\Views\ajoutcompteur.php(7): CodeIgniter\Debug\Exceptions->errorHandler(2, 'Undefined variable $session', 'C:\\xampp\\htdocs\\studeffi\\app\\Views\\ajoutcompteur.php', 7)
 2 SYSTEMPATH\View\View.php(234): include('C:\\xampp\\htdocs\\studeffi\\app\\Views\\ajoutcompteur.php')
 3 SYSTEMPATH\View\View.php(237): CodeIgniter\View\View->CodeIgniter\View\{closure}()
 4 SYSTEMPATH\Common.php(1171): CodeIgniter\View\View->render('ajoutcompteur', [], true)
 5 APPPATH\Controllers\AjoutCompteur.php(14): view('ajoutcompteur')
 6 SYSTEMPATH\CodeIgniter.php(933): App\Controllers\AjoutCompteur->index()
 7 SYSTEMPATH\CodeIgniter.php(509): CodeIgniter\CodeIgniter->runController(Object(App\Controllers\AjoutCompteur))
 8 SYSTEMPATH\CodeIgniter.php(355): CodeIgniter\CodeIgniter->handleRequest(null, Object(Config\Cache), false)
 9 SYSTEMPATH\Boot.php(312): CodeIgniter\CodeIgniter->run()
10 SYSTEMPATH\Boot.php(67): CodeIgniter\Boot::runCodeIgniter(Object(CodeIgniter\CodeIgniter))
11 FCPATH\index.php(56): CodeIgniter\Boot::bootWeb(Object(Config\Paths))
CRITICAL - 2024-05-09 15:36:14 --> ErrorException: Undefined variable $session
[Method: GET, Route: ajoutcompteur]
in APPPATH\Views\ajoutcompteur.php on line 7.
 1 APPPATH\Views\ajoutcompteur.php(7): CodeIgniter\Debug\Exceptions->errorHandler(2, 'Undefined variable $session', 'C:\\xampp\\htdocs\\studeffi\\app\\Views\\ajoutcompteur.php', 7)
 2 SYSTEMPATH\View\View.php(234): include('C:\\xampp\\htdocs\\studeffi\\app\\Views\\ajoutcompteur.php')
 3 SYSTEMPATH\View\View.php(237): CodeIgniter\View\View->CodeIgniter\View\{closure}()
 4 SYSTEMPATH\Common.php(1171): CodeIgniter\View\View->render('ajoutcompteur', [], true)
 5 APPPATH\Controllers\AjoutCompteur.php(14): view('ajoutcompteur')
 6 SYSTEMPATH\CodeIgniter.php(933): App\Controllers\AjoutCompteur->index()
 7 SYSTEMPATH\CodeIgniter.php(509): CodeIgniter\CodeIgniter->runController(Object(App\Controllers\AjoutCompteur))
 8 SYSTEMPATH\CodeIgniter.php(355): CodeIgniter\CodeIgniter->handleRequest(null, Object(Config\Cache), false)
 9 SYSTEMPATH\Boot.php(312): CodeIgniter\CodeIgniter->run()
10 SYSTEMPATH\Boot.php(67): CodeIgniter\Boot::runCodeIgniter(Object(CodeIgniter\CodeIgniter))
11 FCPATH\index.php(56): CodeIgniter\Boot::bootWeb(Object(Config\Paths))
CRITICAL - 2024-05-09 15:36:26 --> ErrorException: Undefined variable $session
[Method: GET, Route: ajoutcompteur]
in APPPATH\Views\ajoutcompteur.php on line 7.
 1 APPPATH\Views\ajoutcompteur.php(7): CodeIgniter\Debug\Exceptions->errorHandler(2, 'Undefined variable $session', 'C:\\xampp\\htdocs\\studeffi\\app\\Views\\ajoutcompteur.php', 7)
 2 SYSTEMPATH\View\View.php(234): include('C:\\xampp\\htdocs\\studeffi\\app\\Views\\ajoutcompteur.php')
 3 SYSTEMPATH\View\View.php(237): CodeIgniter\View\View->CodeIgniter\View\{closure}()
 4 SYSTEMPATH\Common.php(1171): CodeIgniter\View\View->render('ajoutcompteur', [], true)
 5 APPPATH\Controllers\AjoutCompteur.php(14): view('ajoutcompteur')
 6 SYSTEMPATH\CodeIgniter.php(933): App\Controllers\AjoutCompteur->index()
 7 SYSTEMPATH\CodeIgniter.php(509): CodeIgniter\CodeIgniter->runController(Object(App\Controllers\AjoutCompteur))
 8 SYSTEMPATH\CodeIgniter.php(355): CodeIgniter\CodeIgniter->handleRequest(null, Object(Config\Cache), false)
 9 SYSTEMPATH\Boot.php(312): CodeIgniter\CodeIgniter->run()
10 SYSTEMPATH\Boot.php(67): CodeIgniter\Boot::runCodeIgniter(Object(CodeIgniter\CodeIgniter))
11 FCPATH\index.php(56): CodeIgniter\Boot::bootWeb(Object(Config\Paths))
CRITICAL - 2024-05-09 15:37:24 --> ErrorException: Undefined variable $session
[Method: GET, Route: ajoutcompteur]
in APPPATH\Views\ajoutcompteur.php on line 7.
 1 APPPATH\Views\ajoutcompteur.php(7): CodeIgniter\Debug\Exceptions->errorHandler(2, 'Undefined variable $session', 'C:\\xampp\\htdocs\\studeffi\\app\\Views\\ajoutcompteur.php', 7)
 2 SYSTEMPATH\View\View.php(234): include('C:\\xampp\\htdocs\\studeffi\\app\\Views\\ajoutcompteur.php')
 3 SYSTEMPATH\View\View.php(237): CodeIgniter\View\View->CodeIgniter\View\{closure}()
 4 SYSTEMPATH\Common.php(1171): CodeIgniter\View\View->render('ajoutcompteur', [], true)
 5 APPPATH\Controllers\AjoutCompteur.php(14): view('ajoutcompteur')
 6 SYSTEMPATH\CodeIgniter.php(933): App\Controllers\AjoutCompteur->index()
 7 SYSTEMPATH\CodeIgniter.php(509): CodeIgniter\CodeIgniter->runController(Object(App\Controllers\AjoutCompteur))
 8 SYSTEMPATH\CodeIgniter.php(355): CodeIgniter\CodeIgniter->handleRequest(null, Object(Config\Cache), false)
 9 SYSTEMPATH\Boot.php(312): CodeIgniter\CodeIgniter->run()
10 SYSTEMPATH\Boot.php(67): CodeIgniter\Boot::runCodeIgniter(Object(CodeIgniter\CodeIgniter))
11 FCPATH\index.php(56): CodeIgniter\Boot::bootWeb(Object(Config\Paths))
